<?xml version="1.0" encoding="UTF-8"?>
<testsuite name="model.UserTest" tests="4" skipped="0" failures="0" errors="0" timestamp="2017-04-25T06:36:57" hostname="sg-6.local" time="0.001">
  <properties/>
  <testcase name="testUserValidation" classname="model.UserTest" time="0.0"/>
  <testcase name="testGetters" classname="model.UserTest" time="0.0"/>
  <testcase name="testWrongLibraryId" classname="model.UserTest" time="0.0"/>
  <testcase name="testWrongPassword" classname="model.UserTest" time="0.001"/>
  <system-out><![CDATA[]]></system-out>
  <system-err><![CDATA[]]></system-err>
</testsuite>
