<?xml version="1.0" encoding="UTF-8"?>
<testsuite name="BibliotecaAppTest" tests="1" skipped="0" failures="0" errors="0" timestamp="2017-04-17T07:57:31" hostname="sg-5.local" time="0.001">
  <properties/>
  <testcase name="testApp" classname="BibliotecaAppTest" time="0.001"/>
  <system-out><![CDATA[]]></system-out>
  <system-err><![CDATA[]]></system-err>
</testsuite>
