<?xml version="1.0" encoding="UTF-8"?>
<testsuite name="MainMenuTest" tests="4" skipped="0" failures="0" errors="0" timestamp="2017-04-20T08:10:39" hostname="sg-6.local" time="0.001">
  <properties/>
  <testcase name="testListBorrowedBooksResponse" classname="MainMenuTest" time="0.001"/>
  <testcase name="testMainMenuInvalidResponse" classname="MainMenuTest" time="0.0"/>
  <testcase name="testMainMenuExitResponse" classname="MainMenuTest" time="0.0"/>
  <testcase name="testListAvailableBookResponse" classname="MainMenuTest" time="0.0"/>
  <system-out><![CDATA[]]></system-out>
  <system-err><![CDATA[]]></system-err>
</testsuite>
