<?xml version="1.0" encoding="UTF-8"?>
<testsuite name="BookDatabaseTest" tests="4" skipped="0" failures="0" errors="0" timestamp="2017-04-19T08:05:38" hostname="sg-6.local" time="0.002">
  <properties/>
  <testcase name="checkoutSameBookTwiceShouldNotWork" classname="BookDatabaseTest" time="0.001"/>
  <testcase name="listAllBooks" classname="BookDatabaseTest" time="0.0"/>
  <testcase name="testBooksOnLoan" classname="BookDatabaseTest" time="0.001"/>
  <testcase name="testCheckoutBooks" classname="BookDatabaseTest" time="0.0"/>
  <system-out><![CDATA[]]></system-out>
  <system-err><![CDATA[]]></system-err>
</testsuite>
