<?xml version="1.0" encoding="UTF-8"?>
<testsuite name="database.LibraryLoanableDatabaseTest" tests="5" skipped="0" failures="0" errors="0" timestamp="2017-04-24T06:48:30" hostname="sg-6.local" time="0.001">
  <properties/>
  <testcase name="testCheckout" classname="database.LibraryLoanableDatabaseTest" time="0.0"/>
  <testcase name="testGetAvailableLoanables" classname="database.LibraryLoanableDatabaseTest" time="0.0"/>
  <testcase name="testCheckoutSameLoanableTwice" classname="database.LibraryLoanableDatabaseTest" time="0.001"/>
  <testcase name="testReturnSameLoanableTwice" classname="database.LibraryLoanableDatabaseTest" time="0.0"/>
  <testcase name="testReturn" classname="database.LibraryLoanableDatabaseTest" time="0.0"/>
  <system-out><![CDATA[]]></system-out>
  <system-err><![CDATA[]]></system-err>
</testsuite>
