<?xml version="1.0" encoding="UTF-8"?>
<testsuite name="model.MovieTest" tests="6" skipped="0" failures="0" errors="0" timestamp="2017-04-24T06:48:30" hostname="sg-6.local" time="0.001">
  <properties/>
  <testcase name="testGetTitle" classname="model.MovieTest" time="0.0"/>
  <testcase name="testGetId" classname="model.MovieTest" time="0.001"/>
  <testcase name="testGetYear" classname="model.MovieTest" time="0.0"/>
  <testcase name="testGetUnrated" classname="model.MovieTest" time="0.0"/>
  <testcase name="testGetRating" classname="model.MovieTest" time="0.0"/>
  <testcase name="testGetDirector" classname="model.MovieTest" time="0.0"/>
  <system-out><![CDATA[]]></system-out>
  <system-err><![CDATA[]]></system-err>
</testsuite>
