<?xml version="1.0" encoding="UTF-8"?>
<testsuite name="BorrowBookMenuTest" tests="1" skipped="0" failures="0" errors="0" timestamp="2017-04-20T08:10:39" hostname="sg-6.local" time="0.368">
  <properties/>
  <testcase name="testBorrowBook" classname="BorrowBookMenuTest" time="0.368"/>
  <system-out><![CDATA[]]></system-out>
  <system-err><![CDATA[]]></system-err>
</testsuite>
