<?xml version="1.0" encoding="UTF-8"?>
<testsuite name="menuprocessor.LoginMenuTest" tests="2" skipped="0" failures="0" errors="0" timestamp="2017-04-25T06:36:57" hostname="sg-6.local" time="0.254">
  <properties/>
  <testcase name="testGetResponseForLoginSuccess" classname="menuprocessor.LoginMenuTest" time="0.253"/>
  <testcase name="testGetResponseForLoginFailure" classname="menuprocessor.LoginMenuTest" time="0.001"/>
  <system-out><![CDATA[]]></system-out>
  <system-err><![CDATA[]]></system-err>
</testsuite>
