<?xml version="1.0" encoding="UTF-8"?>
<testsuite name="MessageTest" tests="1" skipped="0" failures="0" errors="0" timestamp="2017-04-18T09:06:23" hostname="sg-5.local" time="0.0">
  <properties/>
  <testcase name="name" classname="MessageTest" time="0.0"/>
  <system-out><![CDATA[]]></system-out>
  <system-err><![CDATA[]]></system-err>
</testsuite>
