<?xml version="1.0" encoding="UTF-8"?>
<testsuite name="userauthentication.UserAuthenticatorTest" tests="3" skipped="0" failures="0" errors="0" timestamp="2017-04-25T06:36:57" hostname="sg-6.local" time="0.001">
  <properties/>
  <testcase name="testAuthenticateUser" classname="userauthentication.UserAuthenticatorTest" time="0.0"/>
  <testcase name="testWrongLibraryId" classname="userauthentication.UserAuthenticatorTest" time="0.0"/>
  <testcase name="testSetCurrentUser" classname="userauthentication.UserAuthenticatorTest" time="0.0"/>
  <system-out><![CDATA[]]></system-out>
  <system-err><![CDATA[]]></system-err>
</testsuite>
