<?xml version="1.0" encoding="UTF-8"?>
<testsuite name="MainMenuTest" tests="7" skipped="0" failures="0" errors="0" timestamp="2017-04-25T03:34:31" hostname="sg-6.local" time="0.003">
  <properties/>
  <testcase name="testListBorrowedBooksResponse" classname="MainMenuTest" time="0.002"/>
  <testcase name="testMainMenuInvalidResponse" classname="MainMenuTest" time="0.0"/>
  <testcase name="testListBorrowedMoviesResponse" classname="MainMenuTest" time="0.0"/>
  <testcase name="testListAvailableMoviesResponse" classname="MainMenuTest" time="0.0"/>
  <testcase name="testMainMenuExitResponse" classname="MainMenuTest" time="0.0"/>
  <testcase name="testLoginResponse" classname="MainMenuTest" time="0.0"/>
  <testcase name="testListAvailableBookResponse" classname="MainMenuTest" time="0.0"/>
  <system-out><![CDATA[]]></system-out>
  <system-err><![CDATA[]]></system-err>
</testsuite>
