<?xml version="1.0" encoding="UTF-8"?>
<testsuite name="LibraryBookDatabaseTest" tests="4" skipped="0" failures="0" errors="0" timestamp="2017-04-20T03:42:43" hostname="sg-6.local" time="0.001">
  <properties/>
  <testcase name="checkoutSameBookTwiceShouldNotWork" classname="LibraryBookDatabaseTest" time="0.0"/>
  <testcase name="listAllBooks" classname="LibraryBookDatabaseTest" time="0.0"/>
  <testcase name="testCheckoutBooks" classname="LibraryBookDatabaseTest" time="0.0"/>
  <testcase name="testReturnBook" classname="LibraryBookDatabaseTest" time="0.001"/>
  <system-out><![CDATA[]]></system-out>
  <system-err><![CDATA[]]></system-err>
</testsuite>
